<?xml version="1.0" encoding="UTF-8"?>
<TestRun id="acf7c1fd-7d59-4640-a609-4274c6543858" name="Dianne@DIANNE-PC 2010-12-13 20:00:18" runUser="Dianne-PC\Dianne" xmlns="http://microsoft.com/schemas/VisualStudio/TeamTest/2010">
  <TestSettings name="Local" id="7ca936cd-8f23-4f8e-ab3e-69a5f718662c">
    <Description>These are default test settings for a local test run.</Description>
    <Deployment enabled="false" runDeploymentRoot="Dianne_DIANNE-PC 2010-12-13 20_00_18" />
    <Execution>
      <TestTypeSpecific />
      <AgentRule name="Execution Agents">
      </AgentRule>
    </Execution>
  </TestSettings>
  <Times creation="2010-12-13T20:00:18.7702688+02:00" queuing="2010-12-13T20:00:32.4130491+02:00" start="2010-12-13T20:00:33.3531029+02:00" finish="2010-12-13T20:00:44.8897627+02:00" />
  <ResultSummary outcome="Completed">
    <Counters total="2" executed="2" passed="2" error="0" failed="0" timeout="0" aborted="0" inconclusive="0" passedButRunAborted="0" notRunnable="0" notExecuted="0" disconnected="0" warning="0" completed="0" inProgress="0" pending="0" />
  </ResultSummary>
  <TestDefinitions>
    <UnitTest name="TestMethod1" storage="c:\development\indoorworx\trunk\source\indoorworx.tests\bin\debug\indoorworx.tests.dll" id="c74c35d0-3dc6-53ab-9da3-ad7062bc8fa6">
      <Execution id="118459da-b4b1-425e-b986-1d8a7b2a8922" />
      <TestMethod codeBase="C:/Development/Indoorworx/trunk/Source/IndoorWorx.Tests/bin/Debug/IndoorWorx.Tests.DLL" adapterTypeName="Microsoft.VisualStudio.TestTools.TestTypes.Unit.UnitTestAdapter, Microsoft.VisualStudio.QualityTools.Tips.UnitTest.Adapter, Version=10.0.0.0, Culture=neutral, PublicKeyToken=b03f5f7f11d50a3a" className="IndoorWorx.Tests.NHibernateMappingTests, IndoorWorx.Tests, Version=1.0.0.0, Culture=neutral, PublicKeyToken=null" name="TestMethod1" />
    </UnitTest>
    <UnitTest name="TestMethod1" storage="c:\development\indoorworx\trunk\source\indoorworx.tests\bin\debug\indoorworx.tests.dll" id="b3285f24-d711-75e9-9e5b-ca7a1a2c4158">
      <Execution id="1d8a6c66-1aaa-4677-bc70-fd05b25b3460" />
      <TestMethod codeBase="C:/Development/Indoorworx/trunk/Source/IndoorWorx.Tests/bin/Debug/IndoorWorx.Tests.DLL" adapterTypeName="Microsoft.VisualStudio.TestTools.TestTypes.Unit.UnitTestAdapter, Microsoft.VisualStudio.QualityTools.Tips.UnitTest.Adapter, Version=10.0.0.0, Culture=neutral, PublicKeyToken=b03f5f7f11d50a3a" className="IndoorWorx.Tests.RepositoryTests, IndoorWorx.Tests, Version=1.0.0.0, Culture=neutral, PublicKeyToken=null" name="TestMethod1" />
    </UnitTest>
  </TestDefinitions>
  <TestLists>
    <TestList name="Results Not in a List" id="8c84fa94-04c1-424b-9868-57a2d4851a1d" />
    <TestList name="All Loaded Results" id="19431567-8539-422a-85d7-44ee4e166bda" />
  </TestLists>
  <TestEntries>
    <TestEntry testId="c74c35d0-3dc6-53ab-9da3-ad7062bc8fa6" executionId="118459da-b4b1-425e-b986-1d8a7b2a8922" testListId="8c84fa94-04c1-424b-9868-57a2d4851a1d" />
    <TestEntry testId="b3285f24-d711-75e9-9e5b-ca7a1a2c4158" executionId="1d8a6c66-1aaa-4677-bc70-fd05b25b3460" testListId="8c84fa94-04c1-424b-9868-57a2d4851a1d" />
  </TestEntries>
  <Results>
    <UnitTestResult executionId="118459da-b4b1-425e-b986-1d8a7b2a8922" testId="c74c35d0-3dc6-53ab-9da3-ad7062bc8fa6" testName="TestMethod1" computerName="DIANNE-PC" duration="00:00:00.0167186" startTime="2010-12-13T20:00:34.7221812+02:00" endTime="2010-12-13T20:00:43.8437029+02:00" testType="13cdc9d9-ddb5-4fa4-a97d-d965ccfc6d4b" outcome="Passed" testListId="8c84fa94-04c1-424b-9868-57a2d4851a1d" relativeResultsDirectory="118459da-b4b1-425e-b986-1d8a7b2a8922">
    </UnitTestResult>
    <UnitTestResult executionId="1d8a6c66-1aaa-4677-bc70-fd05b25b3460" testId="b3285f24-d711-75e9-9e5b-ca7a1a2c4158" testName="TestMethod1" computerName="DIANNE-PC" duration="00:00:00.0003854" startTime="2010-12-13T20:00:43.8977060+02:00" endTime="2010-12-13T20:00:43.9157070+02:00" testType="13cdc9d9-ddb5-4fa4-a97d-d965ccfc6d4b" outcome="Passed" testListId="8c84fa94-04c1-424b-9868-57a2d4851a1d" relativeResultsDirectory="1d8a6c66-1aaa-4677-bc70-fd05b25b3460">
    </UnitTestResult>
  </Results>
</TestRun>